+-------------------------------------------------------------+
|       x xxxxxxxxx                        x xxxxxx xxxxxxx x |
|      xx   x      xxxxxxxxxxxxxxxxxxxxxxxxx x x    x   x xxx |
|     x xxx x xxxxx x                       xx x xxxxxxx x    |
|    xx x x xx    x xxxxxxxxxxxxxxxxxxxxxxxx xxx x     x x x x|
|     x x x   xxx xxx              x       x x   xxxxx x x xxx|
|       x x xxx x    xxxxxxxxxxxxxxx xxxxx x x xxx   x x x x  |
|     x xxxxx xxxxxx x          x    x   x xxx x  x xx x xxx  |
|     x x    xx    x x xxxxxxxxxx xxx xxxx x   xxx     x x    |
|   xxx xxx x  xxxxx x   x x x   xx x    x x xxx xxxxx x x    |
|   x x x x x xx   x xxx x x xxxx xx xxxxxxx x x x x x xx     |
|  xx x xxxxx x xxxx   x x x    x x x    x   x x x x  x xx    |
| x x         x x x xxxx x x xxxxxxxxxxx x xxx x x x xx x     |
| xxxxxxxxxxx x x x x     xxxx         xxx x x x x x   xx     |
|xx    x    x x x x xxxxxxx   xxxxxxxx x   x x x x xxx x      |
| xxxxxx xxxx x x x x      xx x        x xxx x x x x xxx      |
|  x x xx   xxx x xxx xxxxx   xxxxxxxxxx x x x x x xxx        |
|     xx xx   xxx    x     xxx      x x  x x x x   x          |
|     xxxx xxx   xxx x x xx    xx xx x xxx x x xxxxx          |
|      x x x x xxx x x xx  xxxx  xx xxx   x xx x              |
|       xx x x x x x x x x xx xxxx  x x xxx x xxxxxx          |
|      x x x x x x x x x xxx  x x xxx x x   x x   x           |
|      x x x xx xx x x xx x xx x xx  xx xxxxx x x x           |
|     xx x x   x x xxx xx x x  x x x  xxx    xx xx            |
|   xx x x xxxxx x x   x  xx x x x xxx   xxxx x x             |
| xx xxx xx x x xx   xxx xx xx x x x xxx x  x x xx            |
|xxxxx  x x x x x xxx   x x x  x xxxx    xx x x x             |
|xx  x  x x xxx x x x x x x xxxx    xxxxx   x x x             |
|x xx xxx xx  x x x x x x xx x x xxxx x   xxx xx              |
|xxx  x  x xxxx x x x x x  xx  x    x xxx x   x               |
|  x xxxxx x  x x x   x x x xxxxxxxxxx    xxxx x              |
|xxx x x x xx x x xxxxx   x        x xxxxx     x              |
+-------------------------------------------------------------+
